<?xml version="1.0" encoding="UTF-8"?>
<!-- Generated by org.testng.reporters.JUnitReportReporter -->
<testsuite hostname="Abhishek-kumar-Hims.local" failures="0" tests="1" name="seleniumpractice.Demo" time="95.929" errors="0" timestamp="2025-01-10T18:29:04 IST" skipped="0">
  <testcase classname="seleniumpractice.Demo" name="login" time="95.929"/>
</testsuite> <!-- seleniumpractice.Demo -->
